Flow report for demosaic
Mon Jun 12 20:21:31 2023
Quartus Prime Version 20.1.1 Build 720 11/11/2020 SJ Lite Edition


---------------------
; Table of Contents ;
---------------------
  1. Legal Notice
  2. Flow Summary
  3. Flow Settings
  4. Flow Non-Default Global Settings
  5. Flow Elapsed Time
  6. Flow OS Summary
  7. Flow Log
  8. Flow Messages
  9. Flow Suppressed Messages



----------------
; Legal Notice ;
----------------
Copyright (C) 2020  Intel Corporation. All rights reserved.
Your use of Intel Corporation's design tools, logic functions 
and other software and tools, and any partner logic 
functions, and any output files from any of the foregoing 
(including device programming or simulation files), and any 
associated documentation or information are expressly subject 
to the terms and conditions of the Intel Program License 
Subscription Agreement, the Intel Quartus Prime License Agreement,
the Intel FPGA IP License Agreement, or other applicable license
agreement, including, without limitation, that your use is for
the sole purpose of programming logic devices manufactured by
Intel and sold by Intel or its authorized distributors.  Please
refer to the applicable agreement for further details, at
https://fpgasoftware.intel.com/eula.



+----------------------------------------------------------------------------------+
; Flow Summary                                                                     ;
+------------------------------------+---------------------------------------------+
; Flow Status                        ; Successful - Mon Jun 12 20:21:31 2023       ;
; Quartus Prime Version              ; 20.1.1 Build 720 11/11/2020 SJ Lite Edition ;
; Revision Name                      ; demosaic                                    ;
; Top-level Entity Name              ; demosaic                                    ;
; Family                             ; Cyclone IV E                                ;
; Device                             ; EP4CE55F23A7                                ;
; Timing Models                      ; Final                                       ;
; Total logic elements               ; 4,224 / 55,856 ( 8 % )                      ;
;     Total combinational functions  ; 4,079 / 55,856 ( 7 % )                      ;
;     Dedicated logic registers      ; 599 / 55,856 ( 1 % )                        ;
; Total registers                    ; 599                                         ;
; Total pins                         ; 105 / 325 ( 32 % )                          ;
; Total virtual pins                 ; 0                                           ;
; Total memory bits                  ; 0 / 2,396,160 ( 0 % )                       ;
; Embedded Multiplier 9-bit elements ; 4 / 308 ( 1 % )                             ;
; Total PLLs                         ; 0 / 4 ( 0 % )                               ;
+------------------------------------+---------------------------------------------+


+-----------------------------------------+
; Flow Settings                           ;
+-------------------+---------------------+
; Option            ; Setting             ;
+-------------------+---------------------+
; Start date & time ; 06/12/2023 20:20:49 ;
; Main task         ; Compilation         ;
; Revision Name     ; demosaic            ;
+-------------------+---------------------+


+-----------------------------------------------------------------------------------------------------------------------------+
; Flow Non-Default Global Settings                                                                                            ;
+-------------------------------------+----------------------------------------+---------------+-------------+----------------+
; Assignment Name                     ; Value                                  ; Default Value ; Entity Name ; Section Id     ;
+-------------------------------------+----------------------------------------+---------------+-------------+----------------+
; COMPILER_SIGNATURE_ID               ; 44529400266514.168657244918133         ; --            ; --          ; --             ;
; EDA_OUTPUT_DATA_FORMAT              ; Verilog Hdl                            ; --            ; --          ; eda_simulation ;
; EDA_SIMULATION_TOOL                 ; ModelSim (Verilog)                     ; <None>        ; --          ; --             ;
; PARTITION_COLOR                     ; -- (Not supported for targeted family) ; --            ; --          ; Top            ;
; PARTITION_FITTER_PRESERVATION_LEVEL ; -- (Not supported for targeted family) ; --            ; --          ; Top            ;
; PARTITION_NETLIST_TYPE              ; -- (Not supported for targeted family) ; --            ; --          ; Top            ;
+-------------------------------------+----------------------------------------+---------------+-------------+----------------+


+--------------------------------------------------------------------------------------------------------------------------+
; Flow Elapsed Time                                                                                                        ;
+----------------------+--------------+-------------------------+---------------------+------------------------------------+
; Module Name          ; Elapsed Time ; Average Processors Used ; Peak Virtual Memory ; Total CPU Time (on all processors) ;
+----------------------+--------------+-------------------------+---------------------+------------------------------------+
; Analysis & Synthesis ; 00:00:17     ; 1.0                     ; 486 MB              ; 00:00:25                           ;
; Fitter               ; 00:00:17     ; 1.1                     ; 1394 MB             ; 00:00:31                           ;
; Assembler            ; 00:00:01     ; 1.0                     ; 361 MB              ; 00:00:01                           ;
; Timing Analyzer      ; 00:00:02     ; 1.4                     ; 579 MB              ; 00:00:02                           ;
; EDA Netlist Writer   ; 00:00:03     ; 1.0                     ; 646 MB              ; 00:00:03                           ;
; Total                ; 00:00:40     ; --                      ; --                  ; 00:01:02                           ;
+----------------------+--------------+-------------------------+---------------------+------------------------------------+


+---------------------------------------------------------------------------------------------------+
; Flow OS Summary                                                                                   ;
+----------------------+-----------------------------+----------------+------------+----------------+
; Module Name          ; Machine Hostname            ; OS Name        ; OS Version ; Processor type ;
+----------------------+-----------------------------+----------------+------------+----------------+
; Analysis & Synthesis ; cicero-H370AORUSGAMING3WIFI ; Ubuntu 22.04.2 ; 22         ; x86_64         ;
; Fitter               ; cicero-H370AORUSGAMING3WIFI ; Ubuntu 22.04.2 ; 22         ; x86_64         ;
; Assembler            ; cicero-H370AORUSGAMING3WIFI ; Ubuntu 22.04.2 ; 22         ; x86_64         ;
; Timing Analyzer      ; cicero-H370AORUSGAMING3WIFI ; Ubuntu 22.04.2 ; 22         ; x86_64         ;
; EDA Netlist Writer   ; cicero-H370AORUSGAMING3WIFI ; Ubuntu 22.04.2 ; 22         ; x86_64         ;
+----------------------+-----------------------------+----------------+------------+----------------+


------------
; Flow Log ;
------------
quartus_map --read_settings_files=on --write_settings_files=off demosaic -c demosaic
quartus_fit --read_settings_files=off --write_settings_files=off demosaic -c demosaic
quartus_asm --read_settings_files=off --write_settings_files=off demosaic -c demosaic
quartus_sta demosaic -c demosaic
quartus_eda --read_settings_files=off --write_settings_files=off demosaic -c demosaic



